2023-05-27 10:40:15 Loading main app package /usr/lib/obsidian/obsidian.asar
2023-05-27 10:40:15 Checking for update using Github
2023-05-27 10:40:15 Success.
2023-05-27 10:40:15 Latest version is 1.3.4
2023-05-27 10:40:15 App is up to date.
2023-05-27 10:44:21 Loading main app package /usr/lib/obsidian/obsidian.asar
2023-05-27 10:44:21 Checking for update using Github
2023-05-27 10:44:21 Success.
2023-05-27 10:44:21 Latest version is 1.3.4
2023-05-27 10:44:21 App is up to date.
2023-05-27 11:22:58 Loading main app package /usr/lib/obsidian/obsidian.asar
2023-05-27 11:22:58 Checking for update using Github
2023-05-27 11:23:04 Loading main app package /usr/lib/obsidian/obsidian.asar
2023-05-27 11:23:04 Checking for update using Github
2023-05-27 11:23:08 Loading main app package /usr/lib/obsidian/obsidian.asar
2023-05-27 11:23:08 Checking for update using Github
2023-05-27 11:36:37 Loading main app package /usr/lib/obsidian/obsidian.asar
2023-05-27 11:36:37 Checking for update using Github
2023-05-27 11:44:21 Checking for update using Github
2023-05-27 11:44:21 Success.
2023-05-27 11:44:21 Latest version is 1.3.4
2023-05-27 11:44:21 App is up to date.
2023-05-27 12:04:28 Loading main app package /usr/lib/obsidian/obsidian.asar
2023-05-27 12:04:28 Checking for update using Github
2023-05-27 14:14:48 Loading main app package /usr/lib/obsidian/obsidian.asar
2023-05-27 14:14:49 Checking for update using Github
2023-05-27 14:14:49 Success.
2023-05-27 14:14:49 Latest version is 1.3.4
2023-05-27 14:14:49 App is up to date.
2023-05-27 14:16:34 Loading main app package /usr/lib/obsidian/obsidian.asar
2023-05-27 14:16:34 Checking for update using Github
2023-05-27 15:14:48 Checking for update using Github
2023-05-27 15:14:49 Success.
2023-05-27 15:14:49 Latest version is 1.3.4
2023-05-27 15:14:49 App is up to date.
2023-06-12 16:33:59 Loading main app package /usr/lib/obsidian/obsidian.asar
2023-06-12 16:33:59 Checking for update using Github
2023-06-12 16:33:59 Success.
2023-06-12 16:33:59 Latest version is 1.3.5
2023-06-12 16:33:59 App is up to date.
2023-06-12 16:48:37 Loading main app package /usr/lib/obsidian/obsidian.asar
2023-06-12 16:48:37 Checking for update using Github
2023-06-12 16:48:37 Success.
2023-06-12 16:48:37 Latest version is 1.3.5
2023-06-12 16:48:37 App is up to date.
2023-06-12 17:48:37 Checking for update using Github
2023-06-12 17:48:37 Success.
2023-06-12 17:48:37 Latest version is 1.3.5
2023-06-12 17:48:37 App is up to date.
2023-06-24 09:52:03 Loading main app package /usr/lib/obsidian/obsidian.asar
2023-06-24 09:52:03 Checking for update using Github
2023-06-24 09:52:04 Success.
2023-06-24 09:52:04 Latest version is 1.3.5
2023-06-24 09:52:04 App is up to date.
2023-07-10 20:36:01 Loading main app package /usr/lib/obsidian/obsidian.asar
2023-07-10 20:36:02 Checking for update using Github
2023-07-10 20:36:02 Success.
2023-07-10 20:36:02 Latest version is 1.3.5
2023-07-10 20:36:02 App is up to date.
2023-07-10 21:36:01 Checking for update using Github
2023-07-10 21:36:01 Success.
2023-07-10 21:36:01 Latest version is 1.3.5
2023-07-10 21:36:01 App is up to date.
2023-07-10 22:36:01 Checking for update using Github
2023-07-10 22:36:01 Success.
2023-07-10 22:36:01 Latest version is 1.3.5
2023-07-10 22:36:01 App is up to date.
2023-07-16 07:49:27 Loading main app package /usr/lib/obsidian/obsidian.asar
2023-07-16 07:49:28 Checking for update using Github
2023-07-16 07:49:28 Success.
2023-07-16 07:49:28 Latest version is 1.3.5
2023-07-16 07:49:28 App is up to date.
2023-07-16 08:49:27 Checking for update using Github
2023-07-16 08:49:27 Success.
2023-07-16 08:49:27 Latest version is 1.3.5
2023-07-16 08:49:27 App is up to date.
2023-07-16 09:49:27 Checking for update using Github
2023-07-16 09:49:27 Success.
2023-07-16 09:49:27 Latest version is 1.3.5
2023-07-16 09:49:27 App is up to date.
2023-07-16 10:41:35 Loading main app package /usr/lib/obsidian/obsidian.asar
2023-07-16 10:41:35 Checking for update using Github
2023-07-16 10:41:36 Success.
2023-07-16 10:41:36 Latest version is 1.3.5
2023-07-16 10:41:36 App is up to date.
2023-07-16 11:41:35 Checking for update using Github
2023-07-16 11:41:35 Success.
2023-07-16 11:41:35 Latest version is 1.3.5
2023-07-16 11:41:35 App is up to date.
2023-07-16 12:41:35 Checking for update using Github
2023-07-16 12:41:35 Success.
2023-07-16 12:41:35 Latest version is 1.3.5
2023-07-16 12:41:35 App is up to date.
2023-07-16 13:41:35 Checking for update using Github
2023-07-16 13:41:35 Success.
2023-07-16 13:41:35 Latest version is 1.3.5
2023-07-16 13:41:35 App is up to date.
2023-07-16 14:41:35 Checking for update using Github
2023-07-16 14:41:35 Success.
2023-07-16 14:41:35 Latest version is 1.3.5
2023-07-16 14:41:35 App is up to date.
2023-07-16 15:41:35 Checking for update using Github
2023-07-16 15:41:35 Success.
2023-07-16 15:41:35 Latest version is 1.3.5
2023-07-16 15:41:35 App is up to date.
2023-07-16 16:41:35 Checking for update using Github
2023-07-16 16:41:36 Success.
2023-07-16 16:41:36 Latest version is 1.3.5
2023-07-16 16:41:36 App is up to date.
2023-07-16 17:41:36 Checking for update using Github
2023-07-16 17:41:36 Success.
2023-07-16 17:41:36 Latest version is 1.3.5
2023-07-16 17:41:36 App is up to date.
2023-08-02 12:43:56 Loading main app package /usr/lib/obsidian/obsidian.asar
2023-08-02 12:43:57 Checking for update using Github
2023-08-02 12:43:57 Success.
2023-08-02 12:43:57 Latest version is 1.3.7
2023-08-02 12:43:57 Downloading update from https://github.com/obsidianmd/obsidian-releases/releases/download/v1.3.7/obsidian-1.3.7.asar.gz
2023-08-02 12:43:59 Verifying hash & signature. Size= 7540911
2023-08-02 12:43:59 Saving file
2023-08-02 12:43:59 Update complete.
2023-08-12 10:52:39 Loading updated app package /home/luh/.config/obsidian/obsidian-1.3.7.asar
2023-08-12 10:52:40 Checking for update using Github
2023-08-12 10:52:40 Success.
2023-08-12 10:52:40 Latest version is 1.3.7
2023-08-12 10:52:40 App is up to date.
2023-08-12 11:52:39 Checking for update using Github
2023-08-12 11:52:39 Success.
2023-08-12 11:52:39 Latest version is 1.3.7
2023-08-12 11:52:39 App is up to date.
2023-08-12 12:52:39 Checking for update using Github
2023-08-12 12:52:40 Success.
2023-08-12 12:52:40 Latest version is 1.3.7
2023-08-12 12:52:40 App is up to date.
2023-08-12 13:52:39 Checking for update using Github
2023-08-12 13:52:40 Success.
2023-08-12 13:52:40 Latest version is 1.3.7
2023-08-12 13:52:40 App is up to date.
2023-08-12 14:52:39 Checking for update using Github
2023-08-12 14:52:40 Success.
2023-08-12 14:52:40 Latest version is 1.3.7
2023-08-12 14:52:40 App is up to date.
2023-08-12 15:52:40 Checking for update using Github
2023-08-12 15:52:40 Success.
2023-08-12 15:52:40 Latest version is 1.3.7
2023-08-12 15:52:40 App is up to date.
2023-08-12 16:52:40 Checking for update using Github
2023-08-12 16:52:40 Success.
2023-08-12 16:52:40 Latest version is 1.3.7
2023-08-12 16:52:40 App is up to date.
2023-08-12 17:52:40 Checking for update using Github
2023-08-12 17:52:40 Success.
2023-08-12 17:52:40 Latest version is 1.3.7
2023-08-12 17:52:40 App is up to date.
2023-08-12 18:52:40 Checking for update using Github
2023-08-12 18:52:40 Success.
2023-08-12 18:52:40 Latest version is 1.3.7
2023-08-12 18:52:40 App is up to date.
2023-08-12 19:52:40 Checking for update using Github
2023-08-12 19:52:40 Success.
2023-08-12 19:52:40 Latest version is 1.3.7
2023-08-12 19:52:40 App is up to date.
2023-08-12 20:52:40 Checking for update using Github
2023-08-12 20:52:40 Success.
2023-08-12 20:52:40 Latest version is 1.3.7
2023-08-12 20:52:40 App is up to date.
2023-08-12 21:52:40 Checking for update using Github
2023-08-12 21:52:40 Success.
2023-08-12 21:52:40 Latest version is 1.3.7
2023-08-12 21:52:40 App is up to date.
2023-08-12 22:52:40 Checking for update using Github
2023-08-12 22:52:40 Success.
2023-08-12 22:52:40 Latest version is 1.3.7
2023-08-12 22:52:40 App is up to date.
2023-08-12 23:52:40 Checking for update using Github
2023-08-12 23:52:40 Success.
2023-08-12 23:52:40 Latest version is 1.3.7
2023-08-12 23:52:40 App is up to date.
2023-08-13 00:52:40 Checking for update using Github
2023-08-13 00:52:40 Success.
2023-08-13 00:52:40 Latest version is 1.3.7
2023-08-13 00:52:40 App is up to date.
2023-08-13 01:52:40 Checking for update using Github
2023-08-13 01:52:40 Success.
2023-08-13 01:52:40 Latest version is 1.3.7
2023-08-13 01:52:40 App is up to date.
2023-08-13 02:52:40 Checking for update using Github
2023-08-13 02:52:40 Success.
2023-08-13 02:52:40 Latest version is 1.3.7
2023-08-13 02:52:40 App is up to date.
2023-08-13 07:37:46 Loading updated app package /home/luh/.config/obsidian/obsidian-1.3.7.asar
2023-08-13 07:37:47 Checking for update using Github
2023-08-13 07:37:47 Success.
2023-08-13 07:37:47 Latest version is 1.3.7
2023-08-13 07:37:47 App is up to date.
2023-08-13 08:37:46 Checking for update using Github
2023-08-13 08:37:46 Success.
2023-08-13 08:37:46 Latest version is 1.3.7
2023-08-13 08:37:46 App is up to date.
2023-08-13 09:37:46 Checking for update using Github
2023-08-13 09:37:46 Success.
2023-08-13 09:37:46 Latest version is 1.3.7
2023-08-13 09:37:46 App is up to date.
2023-08-13 10:37:46 Checking for update using Github
2023-08-13 10:37:46 Success.
2023-08-13 10:37:46 Latest version is 1.3.7
2023-08-13 10:37:46 App is up to date.
2023-08-18 10:20:55 Loading updated app package /home/luh/.config/obsidian/obsidian-1.3.7.asar
2023-08-18 10:20:55 Checking for update using Github
2023-08-18 10:20:55 Success.
2023-08-18 10:20:55 Latest version is 1.3.7
2023-08-18 10:20:55 App is up to date.
2023-08-18 11:20:55 Checking for update using Github
2023-08-18 11:20:55 Success.
2023-08-18 11:20:55 Latest version is 1.3.7
2023-08-18 11:20:55 App is up to date.
2023-08-18 12:20:55 Checking for update using Github
2023-08-18 12:20:55 Success.
2023-08-18 12:20:55 Latest version is 1.3.7
2023-08-18 12:20:55 App is up to date.
2023-08-18 13:20:55 Checking for update using Github
2023-08-18 13:20:55 Success.
2023-08-18 13:20:55 Latest version is 1.3.7
2023-08-18 13:20:55 App is up to date.
2023-08-18 14:20:55 Checking for update using Github
2023-08-18 14:20:55 Success.
2023-08-18 14:20:55 Latest version is 1.3.7
2023-08-18 14:20:55 App is up to date.
2023-08-18 15:20:55 Checking for update using Github
2023-08-18 15:20:55 Success.
2023-08-18 15:20:55 Latest version is 1.3.7
2023-08-18 15:20:55 App is up to date.
2023-08-18 16:20:55 Checking for update using Github
2023-08-18 16:20:55 Success.
2023-08-18 16:20:55 Latest version is 1.3.7
2023-08-18 16:20:55 App is up to date.
2023-08-18 17:20:55 Checking for update using Github
2023-08-18 17:20:55 Success.
2023-08-18 17:20:55 Latest version is 1.3.7
2023-08-18 17:20:55 App is up to date.
2023-08-18 18:20:55 Checking for update using Github
2023-08-18 18:20:55 Success.
2023-08-18 18:20:55 Latest version is 1.3.7
2023-08-18 18:20:55 App is up to date.
2023-08-18 19:20:55 Checking for update using Github
2023-08-18 19:20:55 Success.
2023-08-18 19:20:55 Latest version is 1.3.7
2023-08-18 19:20:55 App is up to date.
2023-08-18 20:20:55 Checking for update using Github
2023-08-18 20:20:55 Success.
2023-08-18 20:20:55 Latest version is 1.3.7
2023-08-18 20:20:55 App is up to date.
2023-08-18 21:20:55 Checking for update using Github
2023-08-18 21:20:55 Success.
2023-08-18 21:20:55 Latest version is 1.3.7
2023-08-18 21:20:55 App is up to date.
2023-08-18 22:20:55 Checking for update using Github
2023-08-18 22:20:55 Success.
2023-08-18 22:20:55 Latest version is 1.3.7
2023-08-18 22:20:55 App is up to date.
2023-08-18 23:20:55 Checking for update using Github
2023-08-18 23:20:55 Success.
2023-08-18 23:20:55 Latest version is 1.3.7
2023-08-18 23:20:55 App is up to date.
2023-08-19 00:20:56 Checking for update using Github
2023-08-19 00:20:56 Success.
2023-08-19 00:20:56 Latest version is 1.3.7
2023-08-19 00:20:56 App is up to date.
2023-08-20 11:06:31 Loading updated app package /home/luh/.config/obsidian/obsidian-1.3.7.asar
2023-08-20 11:06:33 Checking for update using Github
2023-08-20 11:06:33 Success.
2023-08-20 11:06:33 Latest version is 1.3.7
2023-08-20 11:06:33 App is up to date.
2023-08-20 11:07:27 Loading updated app package /home/luh/.config/obsidian/obsidian-1.3.7.asar
2023-08-20 11:07:27 Checking for update using Github
2023-08-20 11:07:27 Success.
2023-08-20 11:07:27 Latest version is 1.3.7
2023-08-20 11:07:27 App is up to date.
2023-08-20 12:07:27 Checking for update using Github
2023-08-20 12:07:27 Success.
2023-08-20 12:07:27 Latest version is 1.3.7
2023-08-20 12:07:27 App is up to date.
2023-08-20 12:57:43 Loading updated app package /home/luh/.config/obsidian/obsidian-1.3.7.asar
2023-08-20 12:57:44 Checking for update using Github
2023-08-20 12:57:44 Success.
2023-08-20 12:57:44 Latest version is 1.3.7
2023-08-20 12:57:44 App is up to date.
2023-08-20 13:57:43 Checking for update using Github
2023-08-20 13:57:43 Success.
2023-08-20 13:57:43 Latest version is 1.3.7
2023-08-20 13:57:43 App is up to date.
2023-08-20 14:57:43 Checking for update using Github
2023-08-20 14:57:44 Success.
2023-08-20 14:57:44 Latest version is 1.3.7
2023-08-20 14:57:44 App is up to date.
2023-08-20 15:57:43 Checking for update using Github
2023-08-20 15:57:44 Success.
2023-08-20 15:57:44 Latest version is 1.3.7
2023-08-20 15:57:44 App is up to date.
2023-08-20 16:57:43 Checking for update using Github
2023-08-20 16:57:44 Success.
2023-08-20 16:57:44 Latest version is 1.3.7
2023-08-20 16:57:44 App is up to date.
2023-08-20 17:57:44 Checking for update using Github
2023-08-20 17:57:44 Success.
2023-08-20 17:57:44 Latest version is 1.3.7
2023-08-20 17:57:44 App is up to date.
2023-08-20 18:57:44 Checking for update using Github
2023-08-20 18:57:44 Success.
2023-08-20 18:57:44 Latest version is 1.3.7
2023-08-20 18:57:44 App is up to date.
2023-08-20 19:57:44 Checking for update using Github
2023-08-20 19:57:44 Success.
2023-08-20 19:57:44 Latest version is 1.3.7
2023-08-20 19:57:44 App is up to date.
2023-08-20 20:57:44 Checking for update using Github
2023-08-20 20:57:44 Success.
2023-08-20 20:57:44 Latest version is 1.3.7
2023-08-20 20:57:44 App is up to date.
2023-08-20 21:57:44 Checking for update using Github
2023-08-20 21:57:44 Success.
2023-08-20 21:57:44 Latest version is 1.3.7
2023-08-20 21:57:44 App is up to date.
2023-08-21 09:41:02 Loading updated app package /home/luh/.config/obsidian/obsidian-1.3.7.asar
2023-08-21 09:41:02 Checking for update using Github
2023-08-21 09:41:02 Success.
2023-08-21 09:41:02 Latest version is 1.3.7
2023-08-21 09:41:02 App is up to date.
2023-08-21 10:41:02 Checking for update using Github
2023-08-21 10:41:02 Success.
2023-08-21 10:41:02 Latest version is 1.3.7
2023-08-21 10:41:02 App is up to date.
2023-08-21 11:41:02 Checking for update using Github
2023-08-21 11:41:02 Success.
2023-08-21 11:41:02 Latest version is 1.3.7
2023-08-21 11:41:02 App is up to date.
2023-08-21 12:26:22 Loading updated app package /home/luh/.config/obsidian/obsidian-1.3.7.asar
2023-08-21 12:26:23 Checking for update using Github
2023-08-21 12:26:23 Success.
2023-08-21 12:26:23 Latest version is 1.3.7
2023-08-21 12:26:23 App is up to date.
2023-08-21 13:26:22 Checking for update using Github
2023-08-21 13:26:23 Success.
2023-08-21 13:26:23 Latest version is 1.3.7
2023-08-21 13:26:23 App is up to date.
2023-08-21 14:26:23 Checking for update using Github
2023-08-21 14:26:23 Success.
2023-08-21 14:26:23 Latest version is 1.3.7
2023-08-21 14:26:23 App is up to date.
2023-08-21 15:26:23 Checking for update using Github
2023-08-21 15:26:23 Success.
2023-08-21 15:26:23 Latest version is 1.3.7
2023-08-21 15:26:23 App is up to date.
2023-08-21 16:26:23 Checking for update using Github
2023-08-21 16:26:23 Success.
2023-08-21 16:26:23 Latest version is 1.3.7
2023-08-21 16:26:23 App is up to date.
2023-08-21 17:26:23 Checking for update using Github
2023-08-21 17:26:23 Success.
2023-08-21 17:26:23 Latest version is 1.3.7
2023-08-21 17:26:23 App is up to date.
2023-08-21 18:26:23 Checking for update using Github
2023-08-21 18:26:23 Success.
2023-08-21 18:26:23 Latest version is 1.3.7
2023-08-21 18:26:23 App is up to date.
2023-08-21 19:26:23 Checking for update using Github
2023-08-21 19:26:23 Success.
2023-08-21 19:26:23 Latest version is 1.3.7
2023-08-21 19:26:23 App is up to date.
2023-08-21 20:26:23 Checking for update using Github
2023-08-21 20:26:23 Success.
2023-08-21 20:26:23 Latest version is 1.3.7
2023-08-21 20:26:23 App is up to date.
2023-08-21 21:26:23 Checking for update using Github
2023-08-21 21:26:23 Success.
2023-08-21 21:26:23 Latest version is 1.3.7
2023-08-21 21:26:23 App is up to date.
2023-08-23 12:33:51 Loading updated app package /home/luh/.config/obsidian/obsidian-1.3.7.asar
2023-08-23 12:33:52 Checking for update using Github
2023-08-23 12:33:52 Success.
2023-08-23 12:33:52 Latest version is 1.3.7
2023-08-23 12:33:52 App is up to date.
2023-08-23 13:33:51 Checking for update using Github
2023-08-23 13:33:51 Success.
2023-08-23 13:33:51 Latest version is 1.3.7
2023-08-23 13:33:51 App is up to date.
2023-08-23 14:33:51 Checking for update using Github
2023-08-23 14:33:52 Success.
2023-08-23 14:33:52 Latest version is 1.3.7
2023-08-23 14:33:52 App is up to date.
2023-08-23 15:33:52 Checking for update using Github
2023-08-23 15:33:52 Success.
2023-08-23 15:33:52 Latest version is 1.3.7
2023-08-23 15:33:52 App is up to date.
2023-08-25 14:14:59 Loading updated app package /home/luh/.config/obsidian/obsidian-1.3.7.asar
2023-08-25 14:15:00 Checking for update using Github
2023-08-25 14:15:00 Success.
2023-08-25 14:15:00 Latest version is 1.3.7
2023-08-25 14:15:00 App is up to date.
2023-08-25 15:14:59 Checking for update using Github
2023-08-25 15:14:59 Success.
2023-08-25 15:14:59 Latest version is 1.3.7
2023-08-25 15:14:59 App is up to date.
2023-08-25 16:14:59 Checking for update using Github
2023-08-25 16:14:59 Success.
2023-08-25 16:14:59 Latest version is 1.3.7
2023-08-25 16:14:59 App is up to date.
2023-08-25 17:14:59 Checking for update using Github
2023-08-25 17:14:59 Success.
2023-08-25 17:14:59 Latest version is 1.3.7
2023-08-25 17:14:59 App is up to date.
2023-08-25 18:14:59 Checking for update using Github
2023-08-25 18:14:59 Success.
2023-08-25 18:14:59 Latest version is 1.3.7
2023-08-25 18:14:59 App is up to date.
2023-08-25 19:14:59 Checking for update using Github
2023-08-25 19:14:59 Success.
2023-08-25 19:14:59 Latest version is 1.3.7
2023-08-25 19:14:59 App is up to date.
2023-08-25 20:14:59 Checking for update using Github
2023-08-25 20:14:59 Success.
2023-08-25 20:14:59 Latest version is 1.3.7
2023-08-25 20:14:59 App is up to date.
2023-08-25 21:14:59 Checking for update using Github
2023-08-25 21:14:59 Success.
2023-08-25 21:14:59 Latest version is 1.3.7
2023-08-25 21:14:59 App is up to date.
2023-08-25 22:14:59 Checking for update using Github
2023-08-25 22:15:00 Success.
2023-08-25 22:15:00 Latest version is 1.3.7
2023-08-25 22:15:00 App is up to date.
2023-08-25 23:15:00 Checking for update using Github
2023-08-25 23:15:00 Success.
2023-08-25 23:15:00 Latest version is 1.3.7
2023-08-25 23:15:00 App is up to date.
2023-08-28 11:44:12 Loading updated app package /home/luh/.config/obsidian/obsidian-1.3.7.asar
2023-08-28 11:44:12 Checking for update using Github
2023-08-28 11:44:12 Success.
2023-08-28 11:44:12 Latest version is 1.3.7
2023-08-28 11:44:12 App is up to date.
2023-08-28 12:44:12 Checking for update using Github
2023-08-28 12:44:12 Success.
2023-08-28 12:44:12 Latest version is 1.3.7
2023-08-28 12:44:12 App is up to date.
2023-08-28 13:44:12 Checking for update using Github
2023-08-28 13:44:12 Success.
2023-08-28 13:44:12 Latest version is 1.3.7
2023-08-28 13:44:12 App is up to date.
2023-08-28 14:44:12 Checking for update using Github
2023-08-28 14:44:12 Success.
2023-08-28 14:44:12 Latest version is 1.3.7
2023-08-28 14:44:12 App is up to date.
2023-08-28 15:44:12 Checking for update using Github
2023-08-28 15:44:12 Success.
2023-08-28 15:44:12 Latest version is 1.3.7
2023-08-28 15:44:12 App is up to date.
2023-08-28 16:44:12 Checking for update using Github
2023-08-28 16:44:12 Success.
2023-08-28 16:44:12 Latest version is 1.3.7
2023-08-28 16:44:12 App is up to date.
2023-08-28 17:44:12 Checking for update using Github
2023-08-28 17:44:12 Success.
2023-08-28 17:44:12 Latest version is 1.3.7
2023-08-28 17:44:12 App is up to date.
2023-08-28 18:44:12 Checking for update using Github
2023-08-28 18:44:13 Success.
2023-08-28 18:44:13 Latest version is 1.3.7
2023-08-28 18:44:13 App is up to date.
2023-08-28 19:44:13 Checking for update using Github
2023-08-28 19:44:13 Success.
2023-08-28 19:44:13 Latest version is 1.3.7
2023-08-28 19:44:13 App is up to date.
